Performing C SOURCE FILE Test CMAKE_HAVE_LIBC_PTHREAD failed with the following output:
Change Dir: /home/alan/catkin_ws/src/grid_path_searcher/cmake-build-debug/CMakeFiles/CMakeTmp

Run Build Command(s):/usr/bin/make -f Makefile cmTC_2c548/fast && /usr/bin/make  -f CMakeFiles/cmTC_2c548.dir/build.make CMakeFiles/cmTC_2c548.dir/build
make[1]: 进入目录“/home/alan/catkin_ws/src/grid_path_searcher/cmake-build-debug/CMakeFiles/CMakeTmp”
Building C object CMakeFiles/cmTC_2c548.dir/src.c.o
/usr/bin/cc -DCMAKE_HAVE_LIBC_PTHREAD   -o CMakeFiles/cmTC_2c548.dir/src.c.o -c /home/alan/catkin_ws/src/grid_path_searcher/cmake-build-debug/CMakeFiles/CMakeTmp/src.c
Linking C executable cmTC_2c548
/home/alan/Softwares/clion2021/bin/cmake/linux/bin/cmake -E cmake_link_script CMakeFiles/cmTC_2c548.dir/link.txt --verbose=1
/usr/bin/cc -rdynamic CMakeFiles/cmTC_2c548.dir/src.c.o -o cmTC_2c548 
/usr/bin/ld: CMakeFiles/cmTC_2c548.dir/src.c.o: in function `main':
src.c:(.text+0x46): undefined reference to `pthread_create'
/usr/bin/ld: src.c:(.text+0x52): undefined reference to `pthread_detach'
/usr/bin/ld: src.c:(.text+0x5e): undefined reference to `pthread_cancel'
/usr/bin/ld: src.c:(.text+0x6f): undefined reference to `pthread_join'
collect2: error: ld returned 1 exit status
make[1]: *** [CMakeFiles/cmTC_2c548.dir/build.make:99：cmTC_2c548] 错误 1
make[1]: 离开目录“/home/alan/catkin_ws/src/grid_path_searcher/cmake-build-debug/CMakeFiles/CMakeTmp”
make: *** [Makefile:127：cmTC_2c548/fast] 错误 2


Source file was:
#include <pthread.h>

static void* test_func(void* data)
{
  return data;
}

int main(void)
{
  pthread_t thread;
  pthread_create(&thread, NULL, test_func, NULL);
  pthread_detach(thread);
  pthread_cancel(thread);
  pthread_join(thread, NULL);
  pthread_atfork(NULL, NULL, NULL);
  pthread_exit(NULL);

  return 0;
}

Determining if the function pthread_create exists in the pthreads failed with the following output:
Change Dir: /home/alan/catkin_ws/src/grid_path_searcher/cmake-build-debug/CMakeFiles/CMakeTmp

Run Build Command(s):/usr/bin/make -f Makefile cmTC_7afed/fast && /usr/bin/make  -f CMakeFiles/cmTC_7afed.dir/build.make CMakeFiles/cmTC_7afed.dir/build
make[1]: 进入目录“/home/alan/catkin_ws/src/grid_path_searcher/cmake-build-debug/CMakeFiles/CMakeTmp”
Building C object CMakeFiles/cmTC_7afed.dir/CheckFunctionExists.c.o
/usr/bin/cc   -DCHECK_FUNCTION_EXISTS=pthread_create -o CMakeFiles/cmTC_7afed.dir/CheckFunctionExists.c.o -c /home/alan/Softwares/clion2021/bin/cmake/linux/share/cmake-3.20/Modules/CheckFunctionExists.c
Linking C executable cmTC_7afed
/home/alan/Softwares/clion2021/bin/cmake/linux/bin/cmake -E cmake_link_script CMakeFiles/cmTC_7afed.dir/link.txt --verbose=1
/usr/bin/cc  -DCHECK_FUNCTION_EXISTS=pthread_create -rdynamic CMakeFiles/cmTC_7afed.dir/CheckFunctionExists.c.o -o cmTC_7afed  -lpthreads 
/usr/bin/ld: 找不到 -lpthreads
collect2: error: ld returned 1 exit status
make[1]: *** [CMakeFiles/cmTC_7afed.dir/build.make:99：cmTC_7afed] 错误 1
make[1]: 离开目录“/home/alan/catkin_ws/src/grid_path_searcher/cmake-build-debug/CMakeFiles/CMakeTmp”
make: *** [Makefile:127：cmTC_7afed/fast] 错误 2



